D:\Web\demoTypescript\demoTypescript\Array.js
D:\Web\demoTypescript\demoTypescript\Array.js.map
D:\Web\demoTypescript\demoTypescript\Class.js
D:\Web\demoTypescript\demoTypescript\Class.js.map
D:\Web\demoTypescript\demoTypescript\Function.js
D:\Web\demoTypescript\demoTypescript\Function.js.map
D:\Web\demoTypescript\demoTypescript\Modules.js
D:\Web\demoTypescript\demoTypescript\Modules.js.map
D:\Web\demoTypescript\demoTypescript\ImportModule.js
D:\Web\demoTypescript\demoTypescript\ImportModule.js.map
D:\Web\demoTypescript\demoTypescript\Interface.js
D:\Web\demoTypescript\demoTypescript\Interface.js.map
D:\Web\demoTypescript\demoTypescript\LetVar.js
D:\Web\demoTypescript\demoTypescript\LetVar.js.map
D:\Web\demoTypescript\demoTypescript\Move.js
D:\Web\demoTypescript\demoTypescript\Move.js.map
D:\Web\demoTypescript\demoTypescript\Mode.js
D:\Web\demoTypescript\demoTypescript\Mode.js.map
D:\Web\demoTypescript\demoTypescript\String.js
D:\Web\demoTypescript\demoTypescript\String.js.map
D:\Web\demoTypescript\demoTypescript\Array.js
D:\Web\demoTypescript\demoTypescript\Array.js.map
D:\Web\demoTypescript\demoTypescript\Class.js
D:\Web\demoTypescript\demoTypescript\Class.js.map
D:\Web\demoTypescript\demoTypescript\Function.js
D:\Web\demoTypescript\demoTypescript\Function.js.map
D:\Web\demoTypescript\demoTypescript\Modules.js
D:\Web\demoTypescript\demoTypescript\Modules.js.map
D:\Web\demoTypescript\demoTypescript\ImportModule.js
D:\Web\demoTypescript\demoTypescript\ImportModule.js.map
D:\Web\demoTypescript\demoTypescript\Interface.js
D:\Web\demoTypescript\demoTypescript\Interface.js.map
D:\Web\demoTypescript\demoTypescript\LetVar.js
D:\Web\demoTypescript\demoTypescript\LetVar.js.map
D:\Web\demoTypescript\demoTypescript\Move.js
D:\Web\demoTypescript\demoTypescript\Move.js.map
D:\Web\demoTypescript\demoTypescript\Mode.js
D:\Web\demoTypescript\demoTypescript\Mode.js.map
D:\Web\demoTypescript\demoTypescript\String.js
D:\Web\demoTypescript\demoTypescript\String.js.map
D:\Web\demoTypescript\demoTypescript\Array.js
D:\Web\demoTypescript\demoTypescript\Array.js.map
D:\Web\demoTypescript\demoTypescript\Class.js
D:\Web\demoTypescript\demoTypescript\Class.js.map
D:\Web\demoTypescript\demoTypescript\Function.js
D:\Web\demoTypescript\demoTypescript\Function.js.map
D:\Web\demoTypescript\demoTypescript\Modules.js
D:\Web\demoTypescript\demoTypescript\Modules.js.map
D:\Web\demoTypescript\demoTypescript\ImportModule.js
D:\Web\demoTypescript\demoTypescript\ImportModule.js.map
D:\Web\demoTypescript\demoTypescript\Interface.js
D:\Web\demoTypescript\demoTypescript\Interface.js.map
D:\Web\demoTypescript\demoTypescript\LetVar.js
D:\Web\demoTypescript\demoTypescript\LetVar.js.map
D:\Web\demoTypescript\demoTypescript\Move.js
D:\Web\demoTypescript\demoTypescript\Move.js.map
D:\Web\demoTypescript\demoTypescript\Mode.js
D:\Web\demoTypescript\demoTypescript\Mode.js.map
D:\Web\demoTypescript\demoTypescript\String.js
D:\Web\demoTypescript\demoTypescript\String.js.map
D:\Web\demoTypescript\demoTypescript\Array.js
D:\Web\demoTypescript\demoTypescript\Array.js.map
D:\Web\demoTypescript\demoTypescript\Class.js
D:\Web\demoTypescript\demoTypescript\Class.js.map
D:\Web\demoTypescript\demoTypescript\Function.js
D:\Web\demoTypescript\demoTypescript\Function.js.map
D:\Web\demoTypescript\demoTypescript\ImportModule.js
D:\Web\demoTypescript\demoTypescript\ImportModule.js.map
D:\Web\demoTypescript\demoTypescript\Interface.js
D:\Web\demoTypescript\demoTypescript\Interface.js.map
D:\Web\demoTypescript\demoTypescript\LetVar.js
D:\Web\demoTypescript\demoTypescript\LetVar.js.map
D:\Web\demoTypescript\demoTypescript\Move.js
D:\Web\demoTypescript\demoTypescript\Move.js.map
D:\Web\demoTypescript\demoTypescript\Mode.js
D:\Web\demoTypescript\demoTypescript\Mode.js.map
D:\Web\demoTypescript\demoTypescript\Modules.js
D:\Web\demoTypescript\demoTypescript\Modules.js.map
D:\Web\demoTypescript\demoTypescript\String.js
D:\Web\demoTypescript\demoTypescript\String.js.map
D:\Web\demoTypescript\demoTypescript\Array.js
D:\Web\demoTypescript\demoTypescript\Array.js.map
D:\Web\demoTypescript\demoTypescript\Class.js
D:\Web\demoTypescript\demoTypescript\Class.js.map
D:\Web\demoTypescript\demoTypescript\Function.js
D:\Web\demoTypescript\demoTypescript\Function.js.map
D:\Web\demoTypescript\demoTypescript\Modules.js
D:\Web\demoTypescript\demoTypescript\Modules.js.map
D:\Web\demoTypescript\demoTypescript\ImportModule.js
D:\Web\demoTypescript\demoTypescript\ImportModule.js.map
D:\Web\demoTypescript\demoTypescript\Interface.js
D:\Web\demoTypescript\demoTypescript\Interface.js.map
D:\Web\demoTypescript\demoTypescript\LetVar.js
D:\Web\demoTypescript\demoTypescript\LetVar.js.map
D:\Web\demoTypescript\demoTypescript\Move.js
D:\Web\demoTypescript\demoTypescript\Move.js.map
D:\Web\demoTypescript\demoTypescript\Mode.js
D:\Web\demoTypescript\demoTypescript\Mode.js.map
D:\Web\demoTypescript\demoTypescript\String.js
D:\Web\demoTypescript\demoTypescript\String.js.map
D:\Web\demoTypescript\demoTypescript\Array.js
D:\Web\demoTypescript\demoTypescript\Array.js.map
D:\Web\demoTypescript\demoTypescript\Class.js
D:\Web\demoTypescript\demoTypescript\Class.js.map
D:\Web\demoTypescript\demoTypescript\Function.js
D:\Web\demoTypescript\demoTypescript\Function.js.map
D:\Web\demoTypescript\demoTypescript\Modules.js
D:\Web\demoTypescript\demoTypescript\Modules.js.map
D:\Web\demoTypescript\demoTypescript\ImportModule.js
D:\Web\demoTypescript\demoTypescript\ImportModule.js.map
D:\Web\demoTypescript\demoTypescript\Interface.js
D:\Web\demoTypescript\demoTypescript\Interface.js.map
D:\Web\demoTypescript\demoTypescript\LetVar.js
D:\Web\demoTypescript\demoTypescript\LetVar.js.map
D:\Web\demoTypescript\demoTypescript\Move.js
D:\Web\demoTypescript\demoTypescript\Move.js.map
D:\Web\demoTypescript\demoTypescript\Mode.js
D:\Web\demoTypescript\demoTypescript\Mode.js.map
D:\Web\demoTypescript\demoTypescript\String.js
D:\Web\demoTypescript\demoTypescript\String.js.map
D:\Web\demoTypescript\demoTypescript\Array.js
D:\Web\demoTypescript\demoTypescript\Array.js.map
D:\Web\demoTypescript\demoTypescript\Class.js
D:\Web\demoTypescript\demoTypescript\Class.js.map
D:\Web\demoTypescript\demoTypescript\Function.js
D:\Web\demoTypescript\demoTypescript\Function.js.map
D:\Web\demoTypescript\demoTypescript\Modules.js
D:\Web\demoTypescript\demoTypescript\Modules.js.map
D:\Web\demoTypescript\demoTypescript\ImportModule.js
D:\Web\demoTypescript\demoTypescript\ImportModule.js.map
D:\Web\demoTypescript\demoTypescript\Interface.js
D:\Web\demoTypescript\demoTypescript\Interface.js.map
D:\Web\demoTypescript\demoTypescript\LetVar.js
D:\Web\demoTypescript\demoTypescript\LetVar.js.map
D:\Web\demoTypescript\demoTypescript\Move.js
D:\Web\demoTypescript\demoTypescript\Move.js.map
D:\Web\demoTypescript\demoTypescript\Mode.js
D:\Web\demoTypescript\demoTypescript\Mode.js.map
D:\Web\demoTypescript\demoTypescript\String.js
D:\Web\demoTypescript\demoTypescript\String.js.map
D:\Web\demoTypescript\demoTypescript\Array.js
D:\Web\demoTypescript\demoTypescript\Array.js.map
D:\Web\demoTypescript\demoTypescript\Class.js
D:\Web\demoTypescript\demoTypescript\Class.js.map
D:\Web\demoTypescript\demoTypescript\Function.js
D:\Web\demoTypescript\demoTypescript\Function.js.map
D:\Web\demoTypescript\demoTypescript\Modules.js
D:\Web\demoTypescript\demoTypescript\Modules.js.map
D:\Web\demoTypescript\demoTypescript\ImportModule.js
D:\Web\demoTypescript\demoTypescript\ImportModule.js.map
D:\Web\demoTypescript\demoTypescript\Interface.js
D:\Web\demoTypescript\demoTypescript\Interface.js.map
D:\Web\demoTypescript\demoTypescript\LetVar.js
D:\Web\demoTypescript\demoTypescript\LetVar.js.map
D:\Web\demoTypescript\demoTypescript\Move.js
D:\Web\demoTypescript\demoTypescript\Move.js.map
D:\Web\demoTypescript\demoTypescript\Mode.js
D:\Web\demoTypescript\demoTypescript\Mode.js.map
D:\Web\demoTypescript\demoTypescript\String.js
D:\Web\demoTypescript\demoTypescript\String.js.map
